# JRE version: Java(TM) SE Runtime Environment (17.0+35) (build 17+35-LTS-2724)
# Java VM: Java HotSpot(TM) 64-Bit Server VM (17+35-LTS-2724, mixed mode, sharing, tiered, compressed oops, compressed class ptrs, g1 gc, windows-amd64)
GC Precious Log:
 CPUs: 8 total, 8 available
 Memory: 16165M
 Large Page Support: Disabled
 NUMA Support: Disabled
 Compressed Oops: Enabled (Zero based)
 Heap Region Size: 2M
 Heap Min Capacity: 8M
 Heap Initial Capacity: 254M
 Heap Max Capacity: 4042M
 Pre-touch: Disabled
 Parallel Workers: 8
 Concurrent Workers: 2
 Concurrent Refinement Workers: 8
 Periodic GC: Disabled
Heap:
 garbage-first heap   total 833536K, used 240207K [0x0000000703600000, 0x0000000800000000)
  region size 2048K, 12 young (24576K), 9 survivors (18432K)
 Metaspace       used 28537K, committed 28864K, reserved 1081344K
  class space    used 2992K, committed 3136K, reserved 1048576K
GC Heap History (20 events):
Event: 19.344 GC heap after
{Heap after GC invocations=26 (full 0):
 garbage-first heap   total 395264K, used 157899K [0x0000000703600000, 0x0000000800000000)
  region size 2048K, 9 young (18432K), 9 survivors (18432K)
 Metaspace       used 23380K, committed 23680K, reserved 1073152K
  class space    used 2596K, committed 2752K, reserved 1048576K
}
Event: 21.002 GC heap before
{Heap before GC invocations=26 (full 0):
 garbage-first heap   total 395264K, used 276683K [0x0000000703600000, 0x0000000800000000)
  region size 2048K, 65 young (133120K), 9 survivors (18432K)
 Metaspace       used 25090K, committed 25408K, reserved 1073152K
  class space    used 2737K, committed 2880K, reserved 1048576K
}
Event: 21.021 GC heap after
{Heap after GC invocations=27 (full 0):
 garbage-first heap   total 395264K, used 185251K [0x0000000703600000, 0x0000000800000000)
  region size 2048K, 9 young (18432K), 9 survivors (18432K)
 Metaspace       used 25090K, committed 25408K, reserved 1073152K
  class space    used 2737K, committed 2880K, reserved 1048576K
}
Event: 21.482 GC heap before
{Heap before GC invocations=27 (full 0):
 garbage-first heap   total 395264K, used 285603K [0x0000000703600000, 0x0000000800000000)
  region size 2048K, 58 young (118784K), 9 survivors (18432K)
 Metaspace       used 25141K, committed 25472K, reserved 1073152K
  class space    used 2738K, committed 2880K, reserved 1048576K
}
Event: 21.508 GC heap after
{Heap after GC invocations=28 (full 0):
 garbage-first heap   total 395264K, used 194270K [0x0000000703600000, 0x0000000800000000)
  region size 2048K, 4 young (8192K), 4 survivors (8192K)
 Metaspace       used 25141K, committed 25472K, reserved 1073152K
  class space    used 2738K, committed 2880K, reserved 1048576K
}
Event: 21.807 GC heap before
{Heap before GC invocations=28 (full 0):
 garbage-first heap   total 395264K, used 294622K [0x0000000703600000, 0x0000000800000000)
  region size 2048K, 53 young (108544K), 4 survivors (8192K)
 Metaspace       used 25184K, committed 25472K, reserved 1073152K
  class space    used 2738K, committed 2880K, reserved 1048576K
}
Event: 21.834 GC heap after
{Heap after GC invocations=29 (full 0):
 garbage-first heap   total 395264K, used 203185K [0x0000000703600000, 0x0000000800000000)
  region size 2048K, 5 young (10240K), 5 survivors (10240K)
 Metaspace       used 25184K, committed 25472K, reserved 1073152K
  class space    used 2738K, committed 2880K, reserved 1048576K
}
Event: 22.204 GC heap before
{Heap before GC invocations=30 (full 0):
 garbage-first heap   total 423936K, used 303537K [0x0000000703600000, 0x0000000800000000)
  region size 2048K, 54 young (110592K), 5 survivors (10240K)
 Metaspace       used 25210K, committed 25536K, reserved 1073152K
  class space    used 2738K, committed 2880K, reserved 1048576K
}
Event: 22.230 GC heap after
{Heap after GC invocations=31 (full 0):
 garbage-first heap   total 423936K, used 211618K [0x0000000703600000, 0x0000000800000000)
  region size 2048K, 5 young (10240K), 5 survivors (10240K)
 Metaspace       used 25210K, committed 25536K, reserved 1073152K
  class space    used 2738K, committed 2880K, reserved 1048576K
}
Event: 22.422 GC heap before
{Heap before GC invocations=31 (full 0):
 garbage-first heap   total 423936K, used 221858K [0x0000000703600000, 0x0000000800000000)
  region size 2048K, 10 young (20480K), 5 survivors (10240K)
 Metaspace       used 25388K, committed 25728K, reserved 1073152K
  class space    used 2763K, committed 2944K, reserved 1048576K
}
Event: 22.441 GC heap after
{Heap after GC invocations=32 (full 0):
 garbage-first heap   total 423936K, used 212063K [0x0000000703600000, 0x0000000800000000)
  region size 2048K, 1 young (2048K), 1 survivors (2048K)
 Metaspace       used 25388K, committed 25728K, reserved 1073152K
  class space    used 2763K, committed 2944K, reserved 1048576K
}
Event: 23.327 GC heap before
{Heap before GC invocations=32 (full 0):
 garbage-first heap   total 423936K, used 328799K [0x0000000703600000, 0x0000000800000000)
  region size 2048K, 58 young (118784K), 1 survivors (2048K)
 Metaspace       used 25918K, committed 26240K, reserved 1073152K
  class space    used 2797K, committed 2944K, reserved 1048576K
}
Event: 23.337 GC heap after
{Heap after GC invocations=33 (full 0):
 garbage-first heap   total 847872K, used 213258K [0x0000000703600000, 0x0000000800000000)
  region size 2048K, 2 young (4096K), 2 survivors (4096K)
 Metaspace       used 25918K, committed 26240K, reserved 1073152K
  class space    used 2797K, committed 2944K, reserved 1048576K
}
Event: 25.039 GC heap before
{Heap before GC invocations=34 (full 0):
 garbage-first heap   total 833536K, used 606474K [0x0000000703600000, 0x0000000800000000)
  region size 2048K, 195 young (399360K), 2 survivors (4096K)
 Metaspace       used 25967K, committed 26304K, reserved 1073152K
  class space    used 2797K, committed 2944K, reserved 1048576K
}
Event: 25.069 GC heap after
{Heap after GC invocations=35 (full 0):
 garbage-first heap   total 833536K, used 225583K [0x0000000703600000, 0x0000000800000000)
  region size 2048K, 9 young (18432K), 9 survivors (18432K)
 Metaspace       used 25967K, committed 26304K, reserved 1073152K
  class space    used 2797K, committed 2944K, reserved 1048576K
}
Event: 25.175 GC heap before
{Heap before GC invocations=35 (full 0):
 garbage-first heap   total 833536K, used 248111K [0x0000000703600000, 0x0000000800000000)
  region size 2048K, 20 young (40960K), 9 survivors (18432K)
 Metaspace       used 25967K, committed 26304K, reserved 1073152K
  class space    used 2797K, committed 2944K, reserved 1048576K
}
Event: 25.197 GC heap after
{Heap after GC invocations=36 (full 0):
 garbage-first heap   total 833536K, used 221168K [0x0000000703600000, 0x0000000800000000)
  region size 2048K, 2 young (4096K), 2 survivors (4096K)
 Metaspace       used 25967K, committed 26304K, reserved 1073152K
  class space    used 2797K, committed 2944K, reserved 1048576K
}
Event: 26.505 GC heap before
{Heap before GC invocations=36 (full 0):
 garbage-first heap   total 833536K, used 651248K [0x0000000703600000, 0x0000000800000000)
  region size 2048K, 212 young (434176K), 2 survivors (4096K)
 Metaspace       used 25983K, committed 26304K, reserved 1073152K
  class space    used 2797K, committed 2944K, reserved 1048576K
}
Event: 26.531 GC heap after
{Heap after GC invocations=37 (full 0):
 garbage-first heap   total 833536K, used 234633K [0x0000000703600000, 0x0000000800000000)
  region size 2048K, 8 young (16384K), 8 survivors (16384K)
 Metaspace       used 25983K, committed 26304K, reserved 1073152K
  class space    used 2797K, committed 2944K, reserved 1048576K
}
Event: 36.619 GC heap before
{Heap before GC invocations=37 (full 0):
 garbage-first heap   total 833536K, used 666761K [0x0000000703600000, 0x0000000800000000)
  region size 2048K, 219 young (448512K), 8 survivors (16384K)
 Metaspace       used 28535K, committed 28864K, reserved 1081344K
  class space    used 2992K, committed 3136K, reserved 1048576K
}

